#
# There is insufficient memory for the Java Runtime Environment to continue.
# Native memory allocation (malloc) failed to allocate 32784 bytes for Chunk::new
# Possible reasons:
#   The system is out of physical RAM or swap space
#   In 32 bit mode, the process size limit was hit
# Possible solutions:
#   Reduce memory load on the system
#   Increase physical memory or swap space
#   Check if swap backing store is full
#   Use 64 bit Java on a 64 bit OS
#   Decrease Java heap size (-Xmx/-Xms)
#   Decrease number of Java threads
#   Decrease Java thread stack sizes (-Xss)
#   Set larger code cache with -XX:ReservedCodeCacheSize=
# This output file may be truncated or incomplete.
#
#  Out of Memory Error (allocation.cpp:390), pid=9224, tid=0x00000000000019b0
#
# JRE version: Java(TM) SE Runtime Environment (8.0_111-b14) (build 1.8.0_111-b14)
# Java VM: Java HotSpot(TM) 64-Bit Server VM (25.111-b14 mixed mode windows-amd64 compressed oops)
# Failed to write core dump. Minidumps are not enabled by default on client versions of Windows
#

---------------  T H R E A D  ---------------

Current thread (0x0000000017259000):  JavaThread "C2 CompilerThread0" daemon [_thread_in_native, id=6576, stack(0x0000000018380000,0x0000000018480000)]

Stack: [0x0000000018380000,0x0000000018480000]
[error occurred during error reporting (printing stack bounds), id 0xc0000005]

Native frames: (J=compiled Java code, j=interpreted, Vv=VM code, C=native code)


Current CompileTask:
C2:  70721 1699       4       javax.swing.plaf.nimbus.NimbusStyle::validate (1178 bytes)


---------------  P R O C E S S  ---------------

Java Threads: ( => current thread )
  0x000000001997e000 JavaThread "Thread-9" [_thread_in_Java, id=9092, stack(0x000000001c9b0000,0x000000001cab0000)]
  0x000000001997d800 JavaThread "Thread-8" [_thread_in_Java, id=10940, stack(0x000000001c8b0000,0x000000001c9b0000)]
  0x000000001997b000 JavaThread "Thread-7" [_thread_in_Java, id=2160, stack(0x000000001c7b0000,0x000000001c8b0000)]
  0x000000001b32c000 JavaThread "Thread-6" [_thread_in_Java, id=10720, stack(0x000000001c6b0000,0x000000001c7b0000)]
  0x000000001b32b800 JavaThread "Thread-5" [_thread_in_Java, id=11604, stack(0x000000001c5b0000,0x000000001c6b0000)]
  0x000000001994e800 JavaThread "Thread-4" [_thread_in_Java, id=9372, stack(0x000000001c4b0000,0x000000001c5b0000)]
  0x00000000199e6000 JavaThread "Thread-3" [_thread_in_Java, id=8696, stack(0x000000001c2b0000,0x000000001c3b0000)]
  0x000000001b1e0800 JavaThread "Thread-2" [_thread_in_Java, id=9292, stack(0x000000001c1b0000,0x000000001c2b0000)]
  0x000000001980c800 JavaThread "TimerQueue" daemon [_thread_blocked, id=5920, stack(0x0000000019fa0000,0x000000001a0a0000)]
  0x0000000004da0800 JavaThread "DestroyJavaVM" [_thread_blocked, id=6808, stack(0x0000000004ca0000,0x0000000004da0000)]
  0x0000000018b11000 JavaThread "AWT-EventQueue-0" [_thread_blocked, id=9160, stack(0x00000000194a0000,0x00000000195a0000)]
  0x0000000018a68000 JavaThread "AWT-Windows" daemon [_thread_in_native, id=5940, stack(0x0000000018ec0000,0x0000000018fc0000)]
  0x0000000018ab4000 JavaThread "AWT-Shutdown" [_thread_blocked, id=11856, stack(0x0000000018dc0000,0x0000000018ec0000)]
  0x0000000018ab3800 JavaThread "Java2D Disposer" daemon [_thread_blocked, id=10924, stack(0x0000000018cc0000,0x0000000018dc0000)]
  0x00000000172cb800 JavaThread "Service Thread" daemon [_thread_blocked, id=7060, stack(0x0000000018580000,0x0000000018680000)]
  0x000000001725c000 JavaThread "C1 CompilerThread1" daemon [_thread_blocked, id=8572, stack(0x0000000018480000,0x0000000018580000)]
=>0x0000000017259000 JavaThread "C2 CompilerThread0" daemon [_thread_in_native, id=6576, stack(0x0000000018380000,0x0000000018480000)]
  0x0000000017257800 JavaThread "Attach Listener" daemon [_thread_blocked, id=11348, stack(0x0000000018280000,0x0000000018380000)]
  0x0000000017254800 JavaThread "Signal Dispatcher" daemon [_thread_blocked, id=11440, stack(0x0000000018180000,0x0000000018280000)]
  0x0000000017248800 JavaThread "Finalizer" daemon [_thread_blocked, id=3172, stack(0x0000000017e90000,0x0000000017f90000)]
  0x0000000004e8c800 JavaThread "Reference Handler" daemon [_thread_blocked, id=1576, stack(0x0000000017d90000,0x0000000017e90000)]

Other Threads:
  0x0000000017226000 VMThread [stack: 0x0000000017c90000,0x0000000017d90000] [id=6572]
  0x00000000172d8000 WatcherThread [stack: 0x0000000018680000,0x0000000018780000] [id=6268]

VM state:not at safepoint (normal execution)

VM Mutex/Monitor currently owned by a thread: None

Heap:
 PSYoungGen      total 18944K, used 7730K [0x00000000eb200000, 0x00000000ec700000, 0x0000000100000000)
  eden space 16384K, 31% used [0x00000000eb200000,0x00000000eb713320,0x00000000ec200000)
  from space 2560K, 98% used [0x00000000ec200000,0x00000000ec479720,0x00000000ec480000)
  to   space 2560K, 0% used [0x00000000ec480000,0x00000000ec480000,0x00000000ec700000)
 ParOldGen       total 44032K, used 2365K [0x00000000c1600000, 0x00000000c4100000, 0x00000000eb200000)
  object space 44032K, 5% used [0x00000000c1600000,0x00000000c184f5b0,0x00000000c4100000)
 Metaspace       used 15149K, capacity 15408K, committed 15616K, reserved 1062912K
  class space    used 1955K, capacity 2044K, committed 2048K, reserved 1048576K

Card table byte_map: [0x0000000014260000,0x0000000014460000] byte_map_base: 0x0000000013c55000

Marking Bits: (ParMarkBitMap*) 0x0000000075faa6c0
 Begin Bits: [0x00000000147b0000, 0x0000000015758000)
 End Bits:   [0x0000000015758000, 0x0000000016700000)

Polling page: 0x0000000003420000

CodeCache: size=245760Kb used=5507Kb max_used=5508Kb free=240252Kb
 bounds [0x0000000004ea0000, 0x0000000005410000, 0x0000000013ea0000]
 total_blobs=2199 nmethods=1695 adapters=416
 compilation: enabled

Compilation events (10 events):
Event: 51.082 Thread 0x0000000017259000 nmethod 1694 0x0000000004f9f590 code [0x0000000004f9f6c0, 0x0000000004f9f718]
Event: 51.092 Thread 0x000000001725c000 1695   !   3       java.awt.event.MouseEvent::getPoint (36 bytes)
Event: 51.093 Thread 0x000000001725c000 nmethod 1695 0x00000000054040d0 code [0x0000000005404240, 0x00000000054046b0]
Event: 52.188 Thread 0x000000001725c000 1696       3       java.awt.MultipleGradientPaintContext::calculateMultipleArrayGradient (163 bytes)
Event: 52.190 Thread 0x000000001725c000 nmethod 1696 0x0000000005403150 code [0x0000000005403340, 0x0000000005403bd8]
Event: 52.190 Thread 0x000000001725c000 1697       1       javax.swing.AbstractButton::isBorderPainted (5 bytes)
Event: 52.190 Thread 0x000000001725c000 nmethod 1697 0x0000000005402e90 code [0x0000000005402fe0, 0x00000000054030f0]
Event: 69.960 Thread 0x000000001725c000 1698   !   3       javax.swing.JComponent::fetchRectangle (58 bytes)
Event: 69.961 Thread 0x000000001725c000 nmethod 1698 0x0000000005402190 code [0x0000000005402340, 0x0000000005402ad8]
Event: 69.964 Thread 0x0000000017259000 1699       4       javax.swing.plaf.nimbus.NimbusStyle::validate (1178 bytes)

GC Heap History (2 events):
Event: 25.487 GC heap before
{Heap before GC invocations=1 (full 0):
 PSYoungGen      total 18944K, used 15596K [0x00000000eb200000, 0x00000000ec700000, 0x0000000100000000)
  eden space 16384K, 95% used [0x00000000eb200000,0x00000000ec13b3e0,0x00000000ec200000)
  from space 2560K, 0% used [0x00000000ec480000,0x00000000ec480000,0x00000000ec700000)
  to   space 2560K, 0% used [0x00000000ec200000,0x00000000ec200000,0x00000000ec480000)
 ParOldGen       total 44032K, used 0K [0x00000000c1600000, 0x00000000c4100000, 0x00000000eb200000)
  object space 44032K, 0% used [0x00000000c1600000,0x00000000c1600000,0x00000000c4100000)
 Metaspace       used 15078K, capacity 15280K, committed 15616K, reserved 1062912K
  class space    used 1954K, capacity 2044K, committed 2048K, reserved 1048576K
Event: 25.511 GC heap after
Heap after GC invocations=1 (full 0):
 PSYoungGen      total 18944K, used 2533K [0x00000000eb200000, 0x00000000ec700000, 0x0000000100000000)
  eden space 16384K, 0% used [0x00000000eb200000,0x00000000eb200000,0x00000000ec200000)
  from space 2560K, 98% used [0x00000000ec200000,0x00000000ec479720,0x00000000ec480000)
  to   space 2560K, 0% used [0x00000000ec480000,0x00000000ec480000,0x00000000ec700000)
 ParOldGen       total 44032K, used 2365K [0x00000000c1600000, 0x00000000c4100000, 0x00000000eb200000)
  object space 44032K, 5% used [0x00000000c1600000,0x00000000c184f5b0,0x00000000c4100000)
 Metaspace       used 15078K, capacity 15280K, committed 15616K, reserved 1062912K
  class space    used 1954K, capacity 2044K, committed 2048K, reserved 1048576K
}

Deoptimization events (10 events):
Event: 3.208 Thread 0x0000000018b11000 Uncommon trap: reason=unstable_if action=reinterpret pc=0x00000000050bf0bc method=javax.swing.plaf.nimbus.DerivedColor.equals(Ljava/lang/Object;)Z @ 77
Event: 5.621 Thread 0x0000000018b11000 Uncommon trap: reason=class_check action=maybe_recompile pc=0x0000000005043a5c method=java.lang.String.equals(Ljava/lang/Object;)Z @ 8
Event: 5.621 Thread 0x0000000018b11000 Uncommon trap: reason=class_check action=maybe_recompile pc=0x0000000005043a5c method=java.lang.String.equals(Ljava/lang/Object;)Z @ 8
Event: 5.621 Thread 0x0000000018b11000 Uncommon trap: reason=class_check action=maybe_recompile pc=0x0000000005043a5c method=java.lang.String.equals(Ljava/lang/Object;)Z @ 8
Event: 7.532 Thread 0x0000000018b11000 Uncommon trap: reason=unstable_if action=reinterpret pc=0x00000000050e1e20 method=java.lang.String.indexOf([CII[CIII)I @ 3
Event: 8.025 Thread 0x0000000018b11000 Uncommon trap: reason=unstable_if action=reinterpret pc=0x000000000518b110 method=java.awt.MultipleGradientPaintContext.indexIntoGradientsArrays(F)I @ 13
Event: 8.881 Thread 0x0000000018b11000 Uncommon trap: reason=class_check action=maybe_recompile pc=0x0000000005043a5c method=java.lang.String.equals(Ljava/lang/Object;)Z @ 8
Event: 13.941 Thread 0x0000000018b11000 Uncommon trap: reason=unstable_if action=reinterpret pc=0x00000000052560ac method=java.awt.MultipleGradientPaintContext.indexIntoGradientsArrays(F)I @ 24
Event: 13.941 Thread 0x0000000018b11000 Uncommon trap: reason=unstable_if action=reinterpret pc=0x0000000005192154 method=java.awt.MultipleGradientPaintContext.indexIntoGradientsArrays(F)I @ 24
Event: 25.523 Thread 0x0000000018b11000 Uncommon trap: reason=unstable_if action=reinterpret pc=0x00000000052c7c40 method=java.lang.ref.SoftReference.get()Ljava/lang/Object; @ 17

Internal exceptions (10 events):
Event: 2.373 Thread 0x0000000004da0800 Exception <a 'java/lang/ClassNotFoundException': ToolBarSeparator> (0x00000000eb55f538) thrown at [C:\re\workspace\8-2-build-windows-amd64-cygwin\jdk8u111\7883\hotspot\src\share\vm\classfile\systemDictionary.cpp, line 210]
Event: 2.373 Thread 0x0000000004da0800 Exception <a 'java/lang/ClassNotFoundException': ToolTip> (0x00000000eb55fc78) thrown at [C:\re\workspace\8-2-build-windows-amd64-cygwin\jdk8u111\7883\hotspot\src\share\vm\classfile\systemDictionary.cpp, line 210]
Event: 2.377 Thread 0x0000000004da0800 Exception <a 'java/lang/ClassNotFoundException': Tree> (0x00000000eb560898) thrown at [C:\re\workspace\8-2-build-windows-amd64-cygwin\jdk8u111\7883\hotspot\src\share\vm\classfile\systemDictionary.cpp, line 210]
Event: 2.377 Thread 0x0000000004da0800 Exception <a 'java/lang/ClassNotFoundException': Tree> (0x00000000eb560fd8) thrown at [C:\re\workspace\8-2-build-windows-amd64-cygwin\jdk8u111\7883\hotspot\src\share\vm\classfile\systemDictionary.cpp, line 210]
Event: 2.378 Thread 0x0000000004da0800 Exception <a 'java/lang/ClassNotFoundException': javax/swing/JTreeCell> (0x00000000eb561358) thrown at [C:\re\workspace\8-2-build-windows-amd64-cygwin\jdk8u111\7883\hotspot\src\share\vm\classfile\systemDictionary.cpp, line 210]
Event: 2.378 Thread 0x0000000004da0800 Exception <a 'java/lang/ClassNotFoundException': TreeCell> (0x00000000eb5617e0) thrown at [C:\re\workspace\8-2-build-windows-amd64-cygwin\jdk8u111\7883\hotspot\src\share\vm\classfile\systemDictionary.cpp, line 210]
Event: 2.381 Thread 0x0000000004da0800 Exception <a 'java/lang/ClassNotFoundException': RootPane> (0x00000000eb562240) thrown at [C:\re\workspace\8-2-build-windows-amd64-cygwin\jdk8u111\7883\hotspot\src\share\vm\classfile\systemDictionary.cpp, line 210]
Event: 7.443 Thread 0x0000000018b11000 Exception <a 'java/lang/NoSuchMethodError': <clinit>> (0x00000000eba37630) thrown at [C:\re\workspace\8-2-build-windows-amd64-cygwin\jdk8u111\7883\hotspot\src\share\vm\prims\jni.cpp, line 1613]
Event: 10.547 Thread 0x0000000018b11000 Exception <a 'java/lang/NoSuchMethodError': <clinit>> (0x00000000ebbab578) thrown at [C:\re\workspace\8-2-build-windows-amd64-cygwin\jdk8u111\7883\hotspot\src\share\vm\prims\jni.cpp, line 1613]
Event: 10.552 Thread 0x0000000018b11000 Exception <a 'java/lang/NoSuchMethodError': <clinit>> (0x00000000ebbb9ef0) thrown at [C:\re\workspace\8-2-build-windows-amd64-cygwin\jdk8u111\7883\hotspot\src\share\vm\prims\jni.cpp, line 1613]

Events (10 events):
Event: 32.986 Thread 0x00000000199e6000 DEOPT PACKING pc=0x00000000053ce866 sp=0x000000001c3af1e0
Event: 32.986 Thread 0x00000000199e6000 DEOPT UNPACKING pc=0x0000000004ee747f sp=0x000000001c3aef50 mode 0
Event: 36.780 Thread 0x000000001994e800 Thread added: 0x000000001994e800
Event: 37.180 Thread 0x000000001b32b800 Thread added: 0x000000001b32b800
Event: 37.340 Thread 0x000000001b32c000 Thread added: 0x000000001b32c000
Event: 37.484 Thread 0x000000001997b000 Thread added: 0x000000001997b000
Event: 37.628 Thread 0x000000001997d800 Thread added: 0x000000001997d800
Event: 37.772 Thread 0x000000001997e000 Thread added: 0x000000001997e000
Event: 51.618 loading class javax/swing/Timer$1
Event: 51.619 loading class javax/swing/Timer$1 done


Dynamic libraries:
0x00007ff7a8d20000 - 0x00007ff7a8d57000 	C:\Program Files\Java\jdk1.8.0_111\bin\java.exe
0x00007ff96ebc0000 - 0x00007ff96eda0000 	C:\WINDOWS\SYSTEM32\ntdll.dll
0x00007ff94ae40000 - 0x00007ff94ae52000 	C:\Program Files\AVAST Software\Avast\aswhook.dll
0x00007ff96de70000 - 0x00007ff96df1e000 	C:\WINDOWS\System32\KERNEL32.DLL
0x00007ff96b040000 - 0x00007ff96b2a6000 	C:\WINDOWS\System32\KERNELBASE.dll
0x00007ff96dff0000 - 0x00007ff96e091000 	C:\WINDOWS\System32\ADVAPI32.dll
0x00007ff96daa0000 - 0x00007ff96db3d000 	C:\WINDOWS\System32\msvcrt.dll
0x00007ff96c140000 - 0x00007ff96c19b000 	C:\WINDOWS\System32\sechost.dll
0x00007ff96c1b0000 - 0x00007ff96c2cf000 	C:\WINDOWS\System32\RPCRT4.dll
0x00007ff96e770000 - 0x00007ff96e8ff000 	C:\WINDOWS\System32\USER32.dll
0x00007ff96b4f0000 - 0x00007ff96b510000 	C:\WINDOWS\System32\win32u.dll
0x00007ff96dcd0000 - 0x00007ff96dcf8000 	C:\WINDOWS\System32\GDI32.dll
0x00007ff96b2b0000 - 0x00007ff96b443000 	C:\WINDOWS\System32\gdi32full.dll
0x00007ff96b450000 - 0x00007ff96b4eb000 	C:\WINDOWS\System32\msvcp_win.dll
0x00007ff96b510000 - 0x00007ff96b606000 	C:\WINDOWS\System32\ucrtbase.dll
0x00007ff95dfb0000 - 0x00007ff95e219000 	C:\WINDOWS\WinSxS\amd64_microsoft.windows.common-controls_6595b64144ccf1df_6.0.16299.431_none_15c7d3ee93659e73\COMCTL32.dll
0x00007ff96d790000 - 0x00007ff96da98000 	C:\WINDOWS\System32\combase.dll
0x00007ff96afc0000 - 0x00007ff96b032000 	C:\WINDOWS\System32\bcryptPrimitives.dll
0x00007ff96eab0000 - 0x00007ff96eadd000 	C:\WINDOWS\System32\IMM32.DLL
0x00000000756b0000 - 0x0000000075782000 	C:\Program Files\Java\jdk1.8.0_111\jre\bin\msvcr100.dll
0x0000000075790000 - 0x000000007602a000 	C:\Program Files\Java\jdk1.8.0_111\jre\bin\server\jvm.dll
0x00007ff96eaa0000 - 0x00007ff96eaa8000 	C:\WINDOWS\System32\PSAPI.DLL
0x00007ff969be0000 - 0x00007ff969be9000 	C:\WINDOWS\SYSTEM32\WSOCK32.dll
0x00007ff96e5b0000 - 0x00007ff96e61c000 	C:\WINDOWS\System32\WS2_32.dll
0x00007ff969010000 - 0x00007ff969033000 	C:\WINDOWS\SYSTEM32\WINMM.dll
0x00007ff95c2c0000 - 0x00007ff95c2ca000 	C:\WINDOWS\SYSTEM32\VERSION.dll
0x00007ff968fb0000 - 0x00007ff968fda000 	C:\WINDOWS\SYSTEM32\WINMMBASE.dll
0x00007ff96b610000 - 0x00007ff96b65a000 	C:\WINDOWS\System32\cfgmgr32.dll
0x0000000075660000 - 0x000000007566f000 	C:\Program Files\Java\jdk1.8.0_111\jre\bin\verify.dll
0x0000000075630000 - 0x0000000075659000 	C:\Program Files\Java\jdk1.8.0_111\jre\bin\java.dll
0x0000000075610000 - 0x0000000075626000 	C:\Program Files\Java\jdk1.8.0_111\jre\bin\zip.dll
0x00007ff96c2d0000 - 0x00007ff96d708000 	C:\WINDOWS\System32\SHELL32.dll
0x00007ff96c090000 - 0x00007ff96c136000 	C:\WINDOWS\System32\shcore.dll
0x00007ff96b830000 - 0x00007ff96bf77000 	C:\WINDOWS\System32\windows.storage.dll
0x00007ff96de10000 - 0x00007ff96de61000 	C:\WINDOWS\System32\shlwapi.dll
0x00007ff96af50000 - 0x00007ff96af61000 	C:\WINDOWS\System32\kernel.appcore.dll
0x00007ff96af70000 - 0x00007ff96afbc000 	C:\WINDOWS\System32\powrprof.dll
0x00007ff96af30000 - 0x00007ff96af4b000 	C:\WINDOWS\System32\profapi.dll
0x0000000075430000 - 0x00000000755c8000 	C:\Program Files\Java\jdk1.8.0_111\jre\bin\awt.dll
0x00007ff96df20000 - 0x00007ff96dfe5000 	C:\WINDOWS\System32\OLEAUT32.dll
0x00007ff969270000 - 0x00007ff9692f8000 	C:\WINDOWS\SYSTEM32\apphelp.dll
0x00007ff969340000 - 0x00007ff9693d5000 	C:\WINDOWS\system32\uxtheme.dll
0x00007ff96db60000 - 0x00007ff96dcc7000 	C:\WINDOWS\System32\MSCTF.dll
0x00007ff9694a0000 - 0x00007ff9694ca000 	C:\WINDOWS\system32\dwmapi.dll
0x00007ff96e620000 - 0x00007ff96e769000 	C:\WINDOWS\System32\ole32.dll
0x00000000753e0000 - 0x0000000075427000 	C:\Program Files\Java\jdk1.8.0_111\jre\bin\fontmanager.dll
0x00000000755f0000 - 0x000000007560a000 	C:\Program Files\Java\jdk1.8.0_111\jre\bin\net.dll
0x00007ff96a740000 - 0x00007ff96a7a6000 	C:\WINDOWS\system32\mswsock.dll
0x00000000755d0000 - 0x00000000755e1000 	C:\Program Files\Java\jdk1.8.0_111\jre\bin\nio.dll
0x0000000075390000 - 0x00000000753d2000 	C:\Program Files\Java\jdk1.8.0_111\jre\bin\t2k.dll
0x00007ff961760000 - 0x00007ff9617f8000 	C:\WINDOWS\System32\TextInputFramework.dll
0x00007ff966a30000 - 0x00007ff966d1e000 	C:\WINDOWS\System32\CoreUIComponents.dll
0x00007ff968180000 - 0x00007ff96825c000 	C:\WINDOWS\System32\CoreMessaging.dll
0x00007ff96a070000 - 0x00007ff96a0a1000 	C:\WINDOWS\SYSTEM32\ntmarta.dll
0x00007ff9668f0000 - 0x00007ff966a26000 	C:\WINDOWS\SYSTEM32\wintypes.dll
0x0000000075350000 - 0x000000007537a000 	C:\Program Files\Java\jdk1.8.0_111\jre\bin\dcpr.dll

VM Arguments:
jvm_args: -Dfile.encoding=UTF-8 
java_command: lab7_guillermoespinal.lb7_principal
java_class_path (initial): C:\Users\admin\Desktop\Lab7_Guillermo_Espinal\Lab7_GuillermoEspinal\build\classes
Launcher Type: SUN_STANDARD

Environment Variables:
PATH=C:\Program Files (x86)\Intel\TXE Components\TCS\;C:\Program Files\Intel\TXE Components\TCS\;C:\WINDOWS\system32;C:\WINDOWS;C:\WINDOWS\System32\Wbem;C:\WINDOWS\System32\WindowsPowerShell\v1.0\;C:\Program Files\Intel\TXE Components\DAL\;C:\Program Files (x86)\Intel\TXE Components\DAL\;C:\Program Files\Intel\TXE Components\IPT\;C:\Program Files (x86)\Intel\TXE Components\IPT\;C:\Program Files\Intel\WiFi\bin\;C:\Program Files\Common Files\Intel\WirelessCommon\;C:\Program Files\Git\cmd;C:\Users\admin\AppData\Local\Microsoft\WindowsApps
USERNAME=admin
OS=Windows_NT
PROCESSOR_IDENTIFIER=Intel64 Family 6 Model 76 Stepping 4, GenuineIntel



---------------  S Y S T E M  ---------------

OS: Windows 10.0 , 64 bit Build 16299 (10.0.16299.431)

CPU:total 2 (2 cores per cpu, 1 threads per core) family 6 model 76 stepping 4, cmov, cx8, fxsr, mmx, sse, sse2, sse3, ssse3, sse4.1, sse4.2, popcnt, aes, clmul, erms, 3dnowpref, tsc, tscinvbit

Memory: 4k page, physical 4097616k(753224k free), swap 4981304k(3096k free)

vm_info: Java HotSpot(TM) 64-Bit Server VM (25.111-b14) for windows-amd64 JRE (1.8.0_111-b14), built on Sep 22 2016 19:24:05 by "java_re" with MS VC++ 10.0 (VS2010)

time: Fri Nov 29 18:00:12 2019
elapsed time: 70 seconds (0d 0h 1m 10s)

