#
# There is insufficient memory for the Java Runtime Environment to continue.
# Native memory allocation (malloc) failed to allocate 130736 bytes for Chunk::new
# Possible reasons:
#   The system is out of physical RAM or swap space
#   In 32 bit mode, the process size limit was hit
# Possible solutions:
#   Reduce memory load on the system
#   Increase physical memory or swap space
#   Check if swap backing store is full
#   Use 64 bit Java on a 64 bit OS
#   Decrease Java heap size (-Xmx/-Xms)
#   Decrease number of Java threads
#   Decrease Java thread stack sizes (-Xss)
#   Set larger code cache with -XX:ReservedCodeCacheSize=
# This output file may be truncated or incomplete.
#
#  Out of Memory Error (allocation.cpp:390), pid=11648, tid=0x0000000000001b34
#
# JRE version: Java(TM) SE Runtime Environment (8.0_111-b14) (build 1.8.0_111-b14)
# Java VM: Java HotSpot(TM) 64-Bit Server VM (25.111-b14 mixed mode windows-amd64 compressed oops)
# Failed to write core dump. Minidumps are not enabled by default on client versions of Windows
#

---------------  T H R E A D  ---------------

Current thread (0x00000000171a9000):  JavaThread "C2 CompilerThread0" daemon [_thread_in_native, id=6964, stack(0x00000000181f0000,0x00000000182f0000)]

Stack: [0x00000000181f0000,0x00000000182f0000]
[error occurred during error reporting (printing stack bounds), id 0xc0000005]

Native frames: (J=compiled Java code, j=interpreted, Vv=VM code, C=native code)


Current CompileTask:
C2:   2383  447       4       java.util.HashMap::putVal (300 bytes)


---------------  P R O C E S S  ---------------

Java Threads: ( => current thread )
  0x00000000196e2000 JavaThread "TimerQueue" daemon [_thread_blocked, id=5084, stack(0x0000000019e50000,0x0000000019f50000)]
  0x0000000004cf0800 JavaThread "DestroyJavaVM" [_thread_blocked, id=4728, stack(0x0000000004bf0000,0x0000000004cf0000)]
  0x000000001897b000 JavaThread "AWT-EventQueue-0" [_thread_in_Java, id=10820, stack(0x0000000019350000,0x0000000019450000)]
  0x0000000018920000 JavaThread "AWT-Windows" daemon [_thread_in_native, id=484, stack(0x0000000018d30000,0x0000000018e30000)]
  0x000000001891d800 JavaThread "AWT-Shutdown" [_thread_blocked, id=452, stack(0x0000000018c30000,0x0000000018d30000)]
  0x00000000188d7000 JavaThread "Java2D Disposer" daemon [_thread_blocked, id=7588, stack(0x0000000018b30000,0x0000000018c30000)]
  0x000000001720b000 JavaThread "Service Thread" daemon [_thread_blocked, id=5520, stack(0x00000000183f0000,0x00000000184f0000)]
  0x00000000171fc000 JavaThread "C1 CompilerThread1" daemon [_thread_blocked, id=5100, stack(0x00000000182f0000,0x00000000183f0000)]
=>0x00000000171a9000 JavaThread "C2 CompilerThread0" daemon [_thread_in_native, id=6964, stack(0x00000000181f0000,0x00000000182f0000)]
  0x00000000171a7800 JavaThread "Attach Listener" daemon [_thread_blocked, id=6156, stack(0x00000000180f0000,0x00000000181f0000)]
  0x00000000171a4800 JavaThread "Signal Dispatcher" daemon [_thread_blocked, id=2560, stack(0x0000000017ff0000,0x00000000180f0000)]
  0x0000000017198800 JavaThread "Finalizer" daemon [_thread_blocked, id=2260, stack(0x0000000017df0000,0x0000000017ef0000)]
  0x0000000004ddc800 JavaThread "Reference Handler" daemon [_thread_blocked, id=8248, stack(0x0000000017cf0000,0x0000000017df0000)]

Other Threads:
  0x0000000017176000 VMThread [stack: 0x0000000017bf0000,0x0000000017cf0000] [id=12236]
  0x0000000017220800 WatcherThread [stack: 0x00000000184f0000,0x00000000185f0000] [id=8476]

VM state:not at safepoint (normal execution)

VM Mutex/Monitor currently owned by a thread: None

Heap:
 PSYoungGen      total 18944K, used 5901K [0x00000000eb200000, 0x00000000ec700000, 0x0000000100000000)
  eden space 16384K, 36% used [0x00000000eb200000,0x00000000eb7c35d8,0x00000000ec200000)
  from space 2560K, 0% used [0x00000000ec480000,0x00000000ec480000,0x00000000ec700000)
  to   space 2560K, 0% used [0x00000000ec200000,0x00000000ec200000,0x00000000ec480000)
 ParOldGen       total 44032K, used 0K [0x00000000c1600000, 0x00000000c4100000, 0x00000000eb200000)
  object space 44032K, 0% used [0x00000000c1600000,0x00000000c1600000,0x00000000c4100000)
 Metaspace       used 11139K, capacity 11322K, committed 11648K, reserved 1058816K
  class space    used 1463K, capacity 1541K, committed 1664K, reserved 1048576K

Card table byte_map: [0x00000000141b0000,0x00000000143b0000] byte_map_base: 0x0000000013ba5000

Marking Bits: (ParMarkBitMap*) 0x0000000075faa6c0
 Begin Bits: [0x0000000014700000, 0x00000000156a8000)
 End Bits:   [0x00000000156a8000, 0x0000000016650000)

Polling page: 0x0000000000df0000

CodeCache: size=245760Kb used=2115Kb max_used=2115Kb free=243645Kb
 bounds [0x0000000004df0000, 0x0000000005060000, 0x0000000013df0000]
 total_blobs=875 nmethods=448 adapters=341
 compilation: enabled

Compilation events (10 events):
Event: 2.341 Thread 0x00000000171fc000  442       3       java.util.Arrays::copyOf (13 bytes)
Event: 2.341 Thread 0x00000000171fc000 nmethod 442 0x0000000004fe8590 code [0x0000000004fe8700, 0x0000000004fe8908]
Event: 2.341 Thread 0x00000000171a9000  443       4       java.lang.String::<init> (82 bytes)
Event: 2.342 Thread 0x00000000171fc000  444       3       java.util.ArrayList::grow (45 bytes)
Event: 2.343 Thread 0x00000000171fc000 nmethod 444 0x0000000004fe7d10 code [0x0000000004fe7ea0, 0x0000000004fe8398]
Event: 2.343 Thread 0x00000000171fc000  445       3       java.lang.Float::isNaN (12 bytes)
Event: 2.343 Thread 0x00000000171fc000 nmethod 445 0x0000000004fe7990 code [0x0000000004fe7ae0, 0x0000000004fe7c90]
Event: 2.344 Thread 0x00000000171fc000  446       3       javax.swing.plaf.nimbus.NimbusStyle::validate (1178 bytes)
Event: 2.348 Thread 0x00000000171a9000 nmethod 443 0x0000000004fec1d0 code [0x0000000004fec320, 0x0000000004fec618]
Event: 2.350 Thread 0x00000000171a9000  447       4       java.util.HashMap::putVal (300 bytes)

GC Heap History (0 events):
No events

Deoptimization events (1 events):
Event: 1.268 Thread 0x0000000004cf0800 Uncommon trap: reason=null_check action=make_not_entrant pc=0x0000000004f75a1c method=java.lang.String.equals(Ljava/lang/Object;)Z @ 8

Internal exceptions (10 events):
Event: 1.478 Thread 0x0000000004cf0800 Exception <a 'java/lang/ClassNotFoundException': ToolBar> (0x00000000eb55e738) thrown at [C:\re\workspace\8-2-build-windows-amd64-cygwin\jdk8u111\7883\hotspot\src\share\vm\classfile\systemDictionary.cpp, line 210]
Event: 1.478 Thread 0x0000000004cf0800 Exception <a 'java/lang/ClassNotFoundException': ToggleButton> (0x00000000eb55ece8) thrown at [C:\re\workspace\8-2-build-windows-amd64-cygwin\jdk8u111\7883\hotspot\src\share\vm\classfile\systemDictionary.cpp, line 210]
Event: 1.478 Thread 0x0000000004cf0800 Exception <a 'java/lang/ClassNotFoundException': javax/swing/JToolBarSeparator> (0x00000000eb55f148) thrown at [C:\re\workspace\8-2-build-windows-amd64-cygwin\jdk8u111\7883\hotspot\src\share\vm\classfile\systemDictionary.cpp, line 210]
Event: 1.478 Thread 0x0000000004cf0800 Exception <a 'java/lang/ClassNotFoundException': ToolBarSeparator> (0x00000000eb55f5e0) thrown at [C:\re\workspace\8-2-build-windows-amd64-cygwin\jdk8u111\7883\hotspot\src\share\vm\classfile\systemDictionary.cpp, line 210]
Event: 1.479 Thread 0x0000000004cf0800 Exception <a 'java/lang/ClassNotFoundException': ToolTip> (0x00000000eb55fd20) thrown at [C:\re\workspace\8-2-build-windows-amd64-cygwin\jdk8u111\7883\hotspot\src\share\vm\classfile\systemDictionary.cpp, line 210]
Event: 1.488 Thread 0x0000000004cf0800 Exception <a 'java/lang/ClassNotFoundException': Tree> (0x00000000eb560940) thrown at [C:\re\workspace\8-2-build-windows-amd64-cygwin\jdk8u111\7883\hotspot\src\share\vm\classfile\systemDictionary.cpp, line 210]
Event: 1.488 Thread 0x0000000004cf0800 Exception <a 'java/lang/ClassNotFoundException': Tree> (0x00000000eb561080) thrown at [C:\re\workspace\8-2-build-windows-amd64-cygwin\jdk8u111\7883\hotspot\src\share\vm\classfile\systemDictionary.cpp, line 210]
Event: 1.488 Thread 0x0000000004cf0800 Exception <a 'java/lang/ClassNotFoundException': javax/swing/JTreeCell> (0x00000000eb561400) thrown at [C:\re\workspace\8-2-build-windows-amd64-cygwin\jdk8u111\7883\hotspot\src\share\vm\classfile\systemDictionary.cpp, line 210]
Event: 1.488 Thread 0x0000000004cf0800 Exception <a 'java/lang/ClassNotFoundException': TreeCell> (0x00000000eb561888) thrown at [C:\re\workspace\8-2-build-windows-amd64-cygwin\jdk8u111\7883\hotspot\src\share\vm\classfile\systemDictionary.cpp, line 210]
Event: 1.490 Thread 0x0000000004cf0800 Exception <a 'java/lang/ClassNotFoundException': RootPane> (0x00000000eb5622e8) thrown at [C:\re\workspace\8-2-build-windows-amd64-cygwin\jdk8u111\7883\hotspot\src\share\vm\classfile\systemDictionary.cpp, line 210]

Events (10 events):
Event: 2.339 loading class javax/swing/plaf/synth/SynthListUI$SynthListCellRenderer
Event: 2.339 loading class javax/swing/DefaultListCellRenderer$UIResource
Event: 2.339 loading class javax/swing/DefaultListCellRenderer
Event: 2.339 loading class javax/swing/ListCellRenderer
Event: 2.339 loading class javax/swing/ListCellRenderer done
Event: 2.339 loading class javax/swing/DefaultListCellRenderer done
Event: 2.339 loading class javax/swing/DefaultListCellRenderer$UIResource done
Event: 2.339 loading class javax/swing/plaf/synth/SynthListUI$SynthListCellRenderer done
Event: 2.348 loading class javax/swing/plaf/basic/BasicListUI$Handler
Event: 2.349 loading class javax/swing/plaf/basic/BasicListUI$Handler done


Dynamic libraries:
0x00007ff7a8d20000 - 0x00007ff7a8d57000 	C:\Program Files\Java\jdk1.8.0_111\bin\java.exe
0x00007ff96ebc0000 - 0x00007ff96eda0000 	C:\WINDOWS\SYSTEM32\ntdll.dll
0x00007ff94ae40000 - 0x00007ff94ae52000 	C:\Program Files\AVAST Software\Avast\aswhook.dll
0x00007ff96de70000 - 0x00007ff96df1e000 	C:\WINDOWS\System32\KERNEL32.DLL
0x00007ff96b040000 - 0x00007ff96b2a6000 	C:\WINDOWS\System32\KERNELBASE.dll
0x00007ff96dff0000 - 0x00007ff96e091000 	C:\WINDOWS\System32\ADVAPI32.dll
0x00007ff96daa0000 - 0x00007ff96db3d000 	C:\WINDOWS\System32\msvcrt.dll
0x00007ff96c140000 - 0x00007ff96c19b000 	C:\WINDOWS\System32\sechost.dll
0x00007ff96c1b0000 - 0x00007ff96c2cf000 	C:\WINDOWS\System32\RPCRT4.dll
0x00007ff96e770000 - 0x00007ff96e8ff000 	C:\WINDOWS\System32\USER32.dll
0x00007ff96b4f0000 - 0x00007ff96b510000 	C:\WINDOWS\System32\win32u.dll
0x00007ff96dcd0000 - 0x00007ff96dcf8000 	C:\WINDOWS\System32\GDI32.dll
0x00007ff96b2b0000 - 0x00007ff96b443000 	C:\WINDOWS\System32\gdi32full.dll
0x00007ff96b450000 - 0x00007ff96b4eb000 	C:\WINDOWS\System32\msvcp_win.dll
0x00007ff96b510000 - 0x00007ff96b606000 	C:\WINDOWS\System32\ucrtbase.dll
0x00007ff95dfb0000 - 0x00007ff95e219000 	C:\WINDOWS\WinSxS\amd64_microsoft.windows.common-controls_6595b64144ccf1df_6.0.16299.431_none_15c7d3ee93659e73\COMCTL32.dll
0x00007ff96d790000 - 0x00007ff96da98000 	C:\WINDOWS\System32\combase.dll
0x00007ff96afc0000 - 0x00007ff96b032000 	C:\WINDOWS\System32\bcryptPrimitives.dll
0x00007ff96eab0000 - 0x00007ff96eadd000 	C:\WINDOWS\System32\IMM32.DLL
0x00000000756b0000 - 0x0000000075782000 	C:\Program Files\Java\jdk1.8.0_111\jre\bin\msvcr100.dll
0x0000000075790000 - 0x000000007602a000 	C:\Program Files\Java\jdk1.8.0_111\jre\bin\server\jvm.dll
0x00007ff96eaa0000 - 0x00007ff96eaa8000 	C:\WINDOWS\System32\PSAPI.DLL
0x00007ff969be0000 - 0x00007ff969be9000 	C:\WINDOWS\SYSTEM32\WSOCK32.dll
0x00007ff96e5b0000 - 0x00007ff96e61c000 	C:\WINDOWS\System32\WS2_32.dll
0x00007ff969010000 - 0x00007ff969033000 	C:\WINDOWS\SYSTEM32\WINMM.dll
0x00007ff95c2c0000 - 0x00007ff95c2ca000 	C:\WINDOWS\SYSTEM32\VERSION.dll
0x00007ff968fb0000 - 0x00007ff968fda000 	C:\WINDOWS\SYSTEM32\WINMMBASE.dll
0x00007ff96b610000 - 0x00007ff96b65a000 	C:\WINDOWS\System32\cfgmgr32.dll
0x0000000075660000 - 0x000000007566f000 	C:\Program Files\Java\jdk1.8.0_111\jre\bin\verify.dll
0x0000000075630000 - 0x0000000075659000 	C:\Program Files\Java\jdk1.8.0_111\jre\bin\java.dll
0x0000000075610000 - 0x0000000075626000 	C:\Program Files\Java\jdk1.8.0_111\jre\bin\zip.dll
0x00007ff96c2d0000 - 0x00007ff96d708000 	C:\WINDOWS\System32\SHELL32.dll
0x00007ff96c090000 - 0x00007ff96c136000 	C:\WINDOWS\System32\shcore.dll
0x00007ff96b830000 - 0x00007ff96bf77000 	C:\WINDOWS\System32\windows.storage.dll
0x00007ff96de10000 - 0x00007ff96de61000 	C:\WINDOWS\System32\shlwapi.dll
0x00007ff96af50000 - 0x00007ff96af61000 	C:\WINDOWS\System32\kernel.appcore.dll
0x00007ff96af70000 - 0x00007ff96afbc000 	C:\WINDOWS\System32\powrprof.dll
0x00007ff96af30000 - 0x00007ff96af4b000 	C:\WINDOWS\System32\profapi.dll
0x0000000075430000 - 0x00000000755c8000 	C:\Program Files\Java\jdk1.8.0_111\jre\bin\awt.dll
0x00007ff96df20000 - 0x00007ff96dfe5000 	C:\WINDOWS\System32\OLEAUT32.dll
0x00007ff969270000 - 0x00007ff9692f8000 	C:\WINDOWS\SYSTEM32\apphelp.dll
0x00007ff969340000 - 0x00007ff9693d5000 	C:\WINDOWS\system32\uxtheme.dll
0x00007ff96db60000 - 0x00007ff96dcc7000 	C:\WINDOWS\System32\MSCTF.dll
0x00007ff9694a0000 - 0x00007ff9694ca000 	C:\WINDOWS\system32\dwmapi.dll
0x00007ff96e620000 - 0x00007ff96e769000 	C:\WINDOWS\System32\ole32.dll
0x00000000753e0000 - 0x0000000075427000 	C:\Program Files\Java\jdk1.8.0_111\jre\bin\fontmanager.dll
0x00000000755f0000 - 0x000000007560a000 	C:\Program Files\Java\jdk1.8.0_111\jre\bin\net.dll
0x00007ff96a740000 - 0x00007ff96a7a6000 	C:\WINDOWS\system32\mswsock.dll
0x00000000755d0000 - 0x00000000755e1000 	C:\Program Files\Java\jdk1.8.0_111\jre\bin\nio.dll
0x0000000075390000 - 0x00000000753d2000 	C:\Program Files\Java\jdk1.8.0_111\jre\bin\t2k.dll

VM Arguments:
jvm_args: -Dfile.encoding=UTF-8 
java_command: lab7_guillermoespinal.lb7_principal
java_class_path (initial): C:\Users\admin\Desktop\Lab7_Guillermo_Espinal\Lab7_GuillermoEspinal\build\classes
Launcher Type: SUN_STANDARD

Environment Variables:
PATH=C:\Program Files (x86)\Intel\TXE Components\TCS\;C:\Program Files\Intel\TXE Components\TCS\;C:\WINDOWS\system32;C:\WINDOWS;C:\WINDOWS\System32\Wbem;C:\WINDOWS\System32\WindowsPowerShell\v1.0\;C:\Program Files\Intel\TXE Components\DAL\;C:\Program Files (x86)\Intel\TXE Components\DAL\;C:\Program Files\Intel\TXE Components\IPT\;C:\Program Files (x86)\Intel\TXE Components\IPT\;C:\Program Files\Intel\WiFi\bin\;C:\Program Files\Common Files\Intel\WirelessCommon\;C:\Program Files\Git\cmd;C:\Users\admin\AppData\Local\Microsoft\WindowsApps
USERNAME=admin
OS=Windows_NT
PROCESSOR_IDENTIFIER=Intel64 Family 6 Model 76 Stepping 4, GenuineIntel



---------------  S Y S T E M  ---------------

OS: Windows 10.0 , 64 bit Build 16299 (10.0.16299.431)

CPU:total 2 (2 cores per cpu, 1 threads per core) family 6 model 76 stepping 4, cmov, cx8, fxsr, mmx, sse, sse2, sse3, ssse3, sse4.1, sse4.2, popcnt, aes, clmul, erms, 3dnowpref, tsc, tscinvbit

Memory: 4k page, physical 4097616k(796856k free), swap 4981304k(4128k free)

vm_info: Java HotSpot(TM) 64-Bit Server VM (25.111-b14) for windows-amd64 JRE (1.8.0_111-b14), built on Sep 22 2016 19:24:05 by "java_re" with MS VC++ 10.0 (VS2010)

time: Fri Nov 29 18:13:29 2019
elapsed time: 2 seconds (0d 0h 0m 2s)

